Using pre-set license
Built from '2021.3/staging' branch; Version is '2021.3.5f1 (40eb3a945986) revision 4254522'; Using compiler version '192829333'; Build Type 'Release'
OS: 'Windows 10  (10.0.19045) 64bit Education' Language: 'en' Physical Memory: 16228 MB
BatchMode: 1, IsHumanControllingUs: 0, StartBugReporterOnCrash: 0, Is64bit: 1, IsPro: 1

COMMAND LINE ARGUMENTS:
E:\Unity\2021.3.5f1\Editor\Unity.exe
-adb2
-batchMode
-noUpm
-name
AssetImportWorker2
-projectPath
C:/Users/msi-/Videos/MonsterTrainerRPG - Main
-logFile
Logs/AssetImportWorker2.log
-srvPort
59276
Successfully changed project path to: C:/Users/msi-/Videos/MonsterTrainerRPG - Main
C:/Users/msi-/Videos/MonsterTrainerRPG - Main
[UnityMemory] Configuration Parameters - Can be set up in boot.config
    "memorysetup-bucket-allocator-granularity=16"
    "memorysetup-bucket-allocator-bucket-count=8"
    "memorysetup-bucket-allocator-block-size=33554432"
    "memorysetup-bucket-allocator-block-count=8"
    "memorysetup-main-allocator-block-size=16777216"
    "memorysetup-thread-allocator-block-size=16777216"
    "memorysetup-gfx-main-allocator-block-size=16777216"
    "memorysetup-gfx-thread-allocator-block-size=16777216"
    "memorysetup-cache-allocator-block-size=4194304"
    "memorysetup-typetree-allocator-block-size=2097152"
    "memorysetup-profiler-bucket-allocator-granularity=16"
    "memorysetup-profiler-bucket-allocator-bucket-count=8"
    "memorysetup-profiler-bucket-allocator-block-size=33554432"
    "memorysetup-profiler-bucket-allocator-block-count=8"
    "memorysetup-profiler-allocator-block-size=16777216"
    "memorysetup-profiler-editor-allocator-block-size=1048576"
    "memorysetup-temp-allocator-size-main=16777216"
    "memorysetup-job-temp-allocator-block-size=2097152"
    "memorysetup-job-temp-allocator-block-size-background=1048576"
    "memorysetup-job-temp-allocator-reduction-small-platforms=262144"
    "memorysetup-temp-allocator-size-background-worker=32768"
    "memorysetup-temp-allocator-size-job-worker=262144"
    "memorysetup-temp-allocator-size-preload-manager=33554432"
    "memorysetup-temp-allocator-size-nav-mesh-worker=65536"
    "memorysetup-temp-allocator-size-audio-worker=65536"
    "memorysetup-temp-allocator-size-cloud-worker=32768"
    "memorysetup-temp-allocator-size-gi-baking-worker=262144"
    "memorysetup-temp-allocator-size-gfx=262144"
Refreshing native plugins compatible for Editor in 110.75 ms, found 3 plugins.
Preloading 0 native plugins for Editor in 0.00 ms.
Initialize engine version: 2021.3.5f1 (40eb3a945986)
[Subsystems] Discovering subsystems at path E:/Unity/2021.3.5f1/Editor/Data/Resources/UnitySubsystems
[Subsystems] Discovering subsystems at path C:/Users/msi-/Videos/MonsterTrainerRPG - Main/Assets
GfxDevice: creating device client; threaded=0; jobified=0
Direct3D:
    Version:  Direct3D 11.0 [level 11.1]
    Renderer: NVIDIA GeForce RTX 2070 (ID=0x1f10)
    Vendor:   NVIDIA
    VRAM:     8031 MB
    Driver:   26.21.14.3086
Initialize mono
Mono path[0] = 'E:/Unity/2021.3.5f1/Editor/Data/Managed'
Mono path[1] = 'E:/Unity/2021.3.5f1/Editor/Data/MonoBleedingEdge/lib/mono/unityjit-win32'
Mono config path = 'E:/Unity/2021.3.5f1/Editor/Data/MonoBleedingEdge/etc'
Using monoOptions --debugger-agent=transport=dt_socket,embedding=1,server=y,suspend=n,address=127.0.0.1:56100
Begin MonoManager ReloadAssembly
Registering precompiled unity dll's ...
Register platform support module: E:/Unity/2021.3.5f1/Editor/Data/PlaybackEngines/WindowsStandaloneSupport/UnityEditor.WindowsStandalone.Extensions.dll
Registered in 0.005848 seconds.
Native extension for WindowsStandalone target not found
Refreshing native plugins compatible for Editor in 90.69 ms, found 3 plugins.
Preloading 0 native plugins for Editor in 0.00 ms.
Mono: successfully reloaded assembly
- Completed reload, in  1.006 seconds
Domain Reload Profiling:
	ReloadAssembly (1006ms)
		BeginReloadAssembly (124ms)
			ExecutionOrderSort (0ms)
			DisableScriptedObjects (0ms)
			BackupInstance (0ms)
			ReleaseScriptingObjects (0ms)
			CreateAndSetChildDomain (1ms)
		EndReloadAssembly (672ms)
			LoadAssemblies (123ms)
			RebuildTransferFunctionScriptingTraits (0ms)
			SetupTypeCache (230ms)
			ReleaseScriptCaches (0ms)
			RebuildScriptCaches (44ms)
			SetupLoadedEditorAssemblies (316ms)
				LogAssemblyErrors (0ms)
				InitializePlatformSupportModulesInManaged (12ms)
				SetLoadedEditorAssemblies (0ms)
				RefreshPlugins (91ms)
				BeforeProcessingInitializeOnLoad (2ms)
				ProcessInitializeOnLoadAttributes (156ms)
				ProcessInitializeOnLoadMethodAttributes (54ms)
				AfterProcessingInitializeOnLoad (0ms)
				EditorAssembliesLoaded (0ms)
			ExecutionOrderSort2 (0ms)
			AwakeInstancesAfterBackupRestoration (0ms)
Platform modules already initialized, skipping
Registering precompiled user dll's ...
Registered in 0.009120 seconds.
Begin MonoManager ReloadAssembly
Native extension for WindowsStandalone target not found
Refreshing native plugins compatible for Editor in 69.14 ms, found 3 plugins.
Preloading 0 native plugins for Editor in 0.00 ms.
Mono: successfully reloaded assembly
- Completed reload, in  1.287 seconds
Domain Reload Profiling:
	ReloadAssembly (1288ms)
		BeginReloadAssembly (130ms)
			ExecutionOrderSort (0ms)
			DisableScriptedObjects (7ms)
			BackupInstance (0ms)
			ReleaseScriptingObjects (0ms)
			CreateAndSetChildDomain (24ms)
		EndReloadAssembly (1003ms)
			LoadAssemblies (102ms)
			RebuildTransferFunctionScriptingTraits (0ms)
			SetupTypeCache (295ms)
			ReleaseScriptCaches (1ms)
			RebuildScriptCaches (64ms)
			SetupLoadedEditorAssemblies (474ms)
				LogAssemblyErrors (0ms)
				InitializePlatformSupportModulesInManaged (4ms)
				SetLoadedEditorAssemblies (0ms)
				RefreshPlugins (69ms)
				BeforeProcessingInitializeOnLoad (88ms)
				ProcessInitializeOnLoadAttributes (255ms)
				ProcessInitializeOnLoadMethodAttributes (53ms)
				AfterProcessingInitializeOnLoad (4ms)
				EditorAssembliesLoaded (0ms)
			ExecutionOrderSort2 (0ms)
			AwakeInstancesAfterBackupRestoration (8ms)
Platform modules already initialized, skipping
========================================================================
Worker process is ready to serve import requests
Launched and connected shader compiler UnityShaderCompiler.exe after 0.08 seconds
Refreshing native plugins compatible for Editor in 0.95 ms, found 3 plugins.
Preloading 0 native plugins for Editor in 0.00 ms.
Unloading 2591 Unused Serialized files (Serialized files now loaded: 0)
Unloading 35 unused Assets / (55.8 KB). Loaded Objects now: 3055.
Memory consumption went from 114.5 MB to 114.4 MB.
Total: 4.900600 ms (FindLiveObjects: 0.342900 ms CreateObjectMapping: 0.422100 ms MarkObjects: 4.040400 ms  DeleteObjects: 0.094100 ms)

AssetImportParameters requested are different than current active one (requested -> active):
  custom:video-decoder-ogg-theora: a1e56fd34408186e4bbccfd4996cb3dc -> 
  custom:container-muxer-webm: aa71ff27fc2769a1b78a27578f13a17b -> 
  custom:container-demuxer-webm: 4f35f7cbe854078d1ac9338744f61a02 -> 
  custom:video-encoder-webm-vp8: eb34c28f22e8b96e1ab97ce403110664 -> 
  custom:audio-encoder-webm-vorbis: bf7c407c2cedff20999df2af8eb42d56 -> 
  custom:framework-win-MediaFoundation: 216162199b28c13a410421893ffa2e32 -> 
  custom:container-demuxer-ogg: 62fdf1f143b41e24485cea50d1cbac27 -> 
  custom:video-decoder-webm-vp8: 9c59270c3fd7afecdb556c50c9e8de78 -> 
  custom:audio-decoder-ogg-vorbis: bf7c407c2cedff20999df2af8eb42d56 -> 
========================================================================
Received Import Request.
  Time since last request: 140818.284158 seconds.
  path: Assets/Scripts/Battle/BattleSystem.cs
  artifactKey: Guid(a8bd298c2398a664ca833e92576325b7) Importer(815301076,1909f56bfc062723c751e8b465ee728b)
Start importing Assets/Scripts/Battle/BattleSystem.cs using Guid(a8bd298c2398a664ca833e92576325b7) Importer(815301076,1909f56bfc062723c751e8b465ee728b)  -> (artifact id: '78ff3df868fb937f9e0c883a509d37e4') in 0.046820 seconds 
========================================================================
Received Import Request.
  Time since last request: 53.716773 seconds.
  path: Assets/Scripts/Battle/BattleUnit.cs
  artifactKey: Guid(754bfd2a7a635f14a964c5c1394393d0) Importer(815301076,1909f56bfc062723c751e8b465ee728b)
Start importing Assets/Scripts/Battle/BattleUnit.cs using Guid(754bfd2a7a635f14a964c5c1394393d0) Importer(815301076,1909f56bfc062723c751e8b465ee728b)  -> (artifact id: '745f6e9c09897d15fcfbeb0b07da72f8') in 0.011698 seconds 
========================================================================
Received Import Request.
  Time since last request: 7.611489 seconds.
  path: Assets/Scripts/Battle/HPBar.cs
  artifactKey: Guid(88020bf8a8b91274fb698df84996ddff) Importer(815301076,1909f56bfc062723c751e8b465ee728b)
Start importing Assets/Scripts/Battle/HPBar.cs using Guid(88020bf8a8b91274fb698df84996ddff) Importer(815301076,1909f56bfc062723c751e8b465ee728b)  -> (artifact id: 'ff9e5f90a4964838cf09aeea10700b6f') in 0.016194 seconds 
========================================================================
Received Import Request.
  Time since last request: 2.194098 seconds.
  path: Assets/Scripts/Battle/PartyScreen.cs
  artifactKey: Guid(2ed22cd5d6ad7bd4ea036cf66b89d890) Importer(815301076,1909f56bfc062723c751e8b465ee728b)
Start importing Assets/Scripts/Battle/PartyScreen.cs using Guid(2ed22cd5d6ad7bd4ea036cf66b89d890) Importer(815301076,1909f56bfc062723c751e8b465ee728b)  -> (artifact id: '94bfaed19b2efc0ba5895e0bf8f39a17') in 0.010142 seconds 
========================================================================
Received Import Request.
  Time since last request: 7.657680 seconds.
  path: Assets/Scripts/Battle/PartyMemberUI.cs
  artifactKey: Guid(016299bb59b90694db3277eaa6a041fe) Importer(815301076,1909f56bfc062723c751e8b465ee728b)
Start importing Assets/Scripts/Battle/PartyMemberUI.cs using Guid(016299bb59b90694db3277eaa6a041fe) Importer(815301076,1909f56bfc062723c751e8b465ee728b)  -> (artifact id: 'd2bfa6e05f55fad88fee73262fc2eba1') in 0.009854 seconds 
========================================================================
Received Import Request.
  Time since last request: 4.232264 seconds.
  path: Assets/Scripts/Battle/BattleHud.cs
  artifactKey: Guid(548dcca6051617646a90b61942d989d4) Importer(815301076,1909f56bfc062723c751e8b465ee728b)
Start importing Assets/Scripts/Battle/BattleHud.cs using Guid(548dcca6051617646a90b61942d989d4) Importer(815301076,1909f56bfc062723c751e8b465ee728b)  -> (artifact id: '67385262c2d8dfb0f9cd1423f8a13eba') in 0.009852 seconds 
========================================================================
Received Import Request.
  Time since last request: 7.399884 seconds.
  path: Assets/Scripts/Battle/BattleDialogBox.cs
  artifactKey: Guid(2f92ec0f36c1f754ba83ba02ec9a4458) Importer(815301076,1909f56bfc062723c751e8b465ee728b)
Start importing Assets/Scripts/Battle/BattleDialogBox.cs using Guid(2f92ec0f36c1f754ba83ba02ec9a4458) Importer(815301076,1909f56bfc062723c751e8b465ee728b)  -> (artifact id: '1988996355caa74aa0678908192545e8') in 0.009831 seconds 
========================================================================
Received Import Request.
  Time since last request: 29.941841 seconds.
  path: Assets/Scripts/Battle/States
  artifactKey: Guid(e8debb230c8308e48920dc808b880887) Importer(815301076,1909f56bfc062723c751e8b465ee728b)
Start importing Assets/Scripts/Battle/States using Guid(e8debb230c8308e48920dc808b880887) Importer(815301076,1909f56bfc062723c751e8b465ee728b)  -> (artifact id: 'e105c37c5446ddacbf46006121307c0f') in 0.013609 seconds 
========================================================================
Received Import Request.
  Time since last request: 2.813413 seconds.
  path: Assets/Scripts/Pokemons
  artifactKey: Guid(5c31ac3f40be4af418ea806c657e9111) Importer(815301076,1909f56bfc062723c751e8b465ee728b)
Start importing Assets/Scripts/Pokemons using Guid(5c31ac3f40be4af418ea806c657e9111) Importer(815301076,1909f56bfc062723c751e8b465ee728b)  -> (artifact id: 'd1fcba1a94ac9bced7c877c9bffd7f24') in 0.011972 seconds 
========================================================================
Received Import Request.
  Time since last request: 0.992903 seconds.
  path: Assets/Scripts/Pokemons/PokemonBase.cs
  artifactKey: Guid(e5aa4a7f37a22714c9924381e9ade610) Importer(815301076,1909f56bfc062723c751e8b465ee728b)
Start importing Assets/Scripts/Pokemons/PokemonBase.cs using Guid(e5aa4a7f37a22714c9924381e9ade610) Importer(815301076,1909f56bfc062723c751e8b465ee728b)  -> (artifact id: 'f17762e20cab18c33466cfca8deda2e0') in 0.010438 seconds 
========================================================================
Received Import Request.
  Time since last request: 6.117679 seconds.
  path: Assets/Scripts/Pokemons/PokemonGiver.cs
  artifactKey: Guid(9cd45c642e5ed204eac570891ec186ad) Importer(815301076,1909f56bfc062723c751e8b465ee728b)
Start importing Assets/Scripts/Pokemons/PokemonGiver.cs using Guid(9cd45c642e5ed204eac570891ec186ad) Importer(815301076,1909f56bfc062723c751e8b465ee728b)  -> (artifact id: '76a86207cb477f286693ff3be999b7f0') in 0.012730 seconds 
========================================================================
Received Import Request.
  Time since last request: 4.854161 seconds.
  path: Assets/Scripts/Pokemons/PokemonParty.cs
  artifactKey: Guid(fb82ecaf66894a34c8a8e8af7aa94309) Importer(815301076,1909f56bfc062723c751e8b465ee728b)
Start importing Assets/Scripts/Pokemons/PokemonParty.cs using Guid(fb82ecaf66894a34c8a8e8af7aa94309) Importer(815301076,1909f56bfc062723c751e8b465ee728b)  -> (artifact id: '607faaf5692a688153087ee995435fe5') in 0.010576 seconds 
========================================================================
Received Import Request.
  Time since last request: 6.760591 seconds.
  path: Assets/Scripts/Pokemons/Condition.cs
  artifactKey: Guid(64c8afd369fbf7b48bab8159bb72656e) Importer(815301076,1909f56bfc062723c751e8b465ee728b)
Start importing Assets/Scripts/Pokemons/Condition.cs using Guid(64c8afd369fbf7b48bab8159bb72656e) Importer(815301076,1909f56bfc062723c751e8b465ee728b)  -> (artifact id: 'a0961ebf258c9b45777502a59178c3b9') in 0.010049 seconds 
========================================================================
Received Import Request.
  Time since last request: 1.256238 seconds.
  path: Assets/Scripts/Pokemons/MoveBase.cs
  artifactKey: Guid(f75524a02c41cff4c8ed3d56e5257cba) Importer(815301076,1909f56bfc062723c751e8b465ee728b)
Start importing Assets/Scripts/Pokemons/MoveBase.cs using Guid(f75524a02c41cff4c8ed3d56e5257cba) Importer(815301076,1909f56bfc062723c751e8b465ee728b)  -> (artifact id: 'b7fb2cf4ffede932e19045d129dec18b') in 0.009333 seconds 
========================================================================
Received Import Request.
  Time since last request: 6.521889 seconds.
  path: Assets/Scripts/Pokemons/Pokemon.cs
  artifactKey: Guid(348e6784e447ebb41a6c199fc4df1e89) Importer(815301076,1909f56bfc062723c751e8b465ee728b)
Start importing Assets/Scripts/Pokemons/Pokemon.cs using Guid(348e6784e447ebb41a6c199fc4df1e89) Importer(815301076,1909f56bfc062723c751e8b465ee728b)  -> (artifact id: '63e82ac84250ad6838cc066cf2b6dc9b') in 0.011957 seconds 
========================================================================
Received Import Request.
  Time since last request: 63.988968 seconds.
  path: Assets/Scripts/Character
  artifactKey: Guid(4eb68895ea4b85047b33bff1a4c0996f) Importer(815301076,1909f56bfc062723c751e8b465ee728b)
Start importing Assets/Scripts/Character using Guid(4eb68895ea4b85047b33bff1a4c0996f) Importer(815301076,1909f56bfc062723c751e8b465ee728b)  -> (artifact id: 'd1b9ab96f16935c09c2ca69d15941a3d') in 0.011605 seconds 
========================================================================
Received Import Request.
  Time since last request: 0.904069 seconds.
  path: Assets/Scripts/Character/Healer.cs
  artifactKey: Guid(2b7f422b59a4e2b42845153c0fd8f35b) Importer(815301076,1909f56bfc062723c751e8b465ee728b)
Start importing Assets/Scripts/Character/Healer.cs using Guid(2b7f422b59a4e2b42845153c0fd8f35b) Importer(815301076,1909f56bfc062723c751e8b465ee728b)  -> (artifact id: '0e306e57e4009653ff02323fe11961f0') in 0.010231 seconds 
========================================================================
Received Import Request.
  Time since last request: 1.583623 seconds.
  path: Assets/Scripts/Character/Merchant.cs
  artifactKey: Guid(7c29b62a38efc6e40982f46f844aaba1) Importer(815301076,1909f56bfc062723c751e8b465ee728b)
Start importing Assets/Scripts/Character/Merchant.cs using Guid(7c29b62a38efc6e40982f46f844aaba1) Importer(815301076,1909f56bfc062723c751e8b465ee728b)  -> (artifact id: '111bb88a12635b2ed0639ab81ec436e4') in 0.009543 seconds 
========================================================================
Received Import Request.
  Time since last request: 1.561678 seconds.
  path: Assets/Scripts/Character/PlayerController.cs
  artifactKey: Guid(a154600fac776ee4a9139fb8d6c47c4a) Importer(815301076,1909f56bfc062723c751e8b465ee728b)
Start importing Assets/Scripts/Character/PlayerController.cs using Guid(a154600fac776ee4a9139fb8d6c47c4a) Importer(815301076,1909f56bfc062723c751e8b465ee728b)  -> (artifact id: '4a8887d2c1799ed2df28e4cd9d8449b8') in 0.011463 seconds 
========================================================================
Received Import Request.
  Time since last request: 0.788024 seconds.
  path: Assets/Scripts/Character/TrainerController.cs
  artifactKey: Guid(e5c3a2acbfdc5fa46838329b5dd894eb) Importer(815301076,1909f56bfc062723c751e8b465ee728b)
Start importing Assets/Scripts/Character/TrainerController.cs using Guid(e5c3a2acbfdc5fa46838329b5dd894eb) Importer(815301076,1909f56bfc062723c751e8b465ee728b)  -> (artifact id: '392124d1612779c76470519469c58a36') in 0.009895 seconds 
========================================================================
Received Import Request.
  Time since last request: 1.443438 seconds.
  path: Assets/Scripts/Character/TrainerFov.cs
  artifactKey: Guid(a6b2c7563cbc7924ab998e5e1fe525d6) Importer(815301076,1909f56bfc062723c751e8b465ee728b)
Start importing Assets/Scripts/Character/TrainerFov.cs using Guid(a6b2c7563cbc7924ab998e5e1fe525d6) Importer(815301076,1909f56bfc062723c751e8b465ee728b)  -> (artifact id: '08cd840cf8db0b3d1a0209195c72110e') in 0.010826 seconds 
========================================================================
Received Import Request.
  Time since last request: 1.810957 seconds.
  path: Assets/Scripts/Character/NPCController.cs
  artifactKey: Guid(7d9bebd813d401342aee65f5ff1ad831) Importer(815301076,1909f56bfc062723c751e8b465ee728b)
Start importing Assets/Scripts/Character/NPCController.cs using Guid(7d9bebd813d401342aee65f5ff1ad831) Importer(815301076,1909f56bfc062723c751e8b465ee728b)  -> (artifact id: 'aeb9ff506369a6130c1da1fc6c1727fa') in 0.008829 seconds 
========================================================================
Received Import Request.
  Time since last request: 2.273252 seconds.
  path: Assets/Scripts/Character/CharacterAnimator.cs
  artifactKey: Guid(0b9010d2268533e44b98337d53c8fced) Importer(815301076,1909f56bfc062723c751e8b465ee728b)
Start importing Assets/Scripts/Character/CharacterAnimator.cs using Guid(0b9010d2268533e44b98337d53c8fced) Importer(815301076,1909f56bfc062723c751e8b465ee728b)  -> (artifact id: 'e16dc9f2cf63bf6124b5334132260de4') in 0.009808 seconds 
========================================================================
Received Import Request.
  Time since last request: 0.951350 seconds.
  path: Assets/Scripts/Character/Character.cs
  artifactKey: Guid(b3aff38417d444749bc27390adc258a0) Importer(815301076,1909f56bfc062723c751e8b465ee728b)
Start importing Assets/Scripts/Character/Character.cs using Guid(b3aff38417d444749bc27390adc258a0) Importer(815301076,1909f56bfc062723c751e8b465ee728b)  -> (artifact id: '0fb2c7aa8781b04c1d314a08f9acc228') in 0.002550 seconds 
